Cppcheck started: Sun Jun 11 2017 11:27:22 GMT+0700 (東南アジア標準時)
Checking d:\Dropbox\collaborate\thao\BTL_moi\build\CMakeFiles\3.8.2\CompilerIdCXX\CMakeCXXCompilerId.cpp ...
Checking d:\Dropbox\collaborate\thao\BTL_moi\build\CMakeFiles\3.8.2\CompilerIdCXX\CMakeCXXCompilerId.cpp: MPRAS;_MPRAS...
Checking d:\Dropbox\collaborate\thao\BTL_moi\build\CMakeFiles\3.8.2\CompilerIdCXX\CMakeCXXCompilerId.cpp: SCO_SV;_SCO_SV;sco_sv...
Checking d:\Dropbox\collaborate\thao\BTL_moi\build\CMakeFiles\3.8.2\CompilerIdCXX\CMakeCXXCompilerId.cpp: SIMULATE_VERSION_PATCH...
Checking d:\Dropbox\collaborate\thao\BTL_moi\build\CMakeFiles\3.8.2\CompilerIdCXX\CMakeCXXCompilerId.cpp: SIMULATE_VERSION_PATCH;SIMULATE_VERSION_TWEAK...
Checking d:\Dropbox\collaborate\thao\BTL_moi\build\CMakeFiles\3.8.2\CompilerIdCXX\CMakeCXXCompilerId.cpp: WIN32;_WIN32;__WIN32__...
Checking d:\Dropbox\collaborate\thao\BTL_moi\build\CMakeFiles\3.8.2\CompilerIdCXX\CMakeCXXCompilerId.cpp: XENIX;_XENIX;__XENIX__...
Checking d:\Dropbox\collaborate\thao\BTL_moi\build\CMakeFiles\3.8.2\CompilerIdCXX\CMakeCXXCompilerId.cpp: _AIX;__AIX;__AIX__;__aix;__aix__...
Checking d:\Dropbox\collaborate\thao\BTL_moi\build\CMakeFiles\3.8.2\CompilerIdCXX\CMakeCXXCompilerId.cpp: _BEOS;__BEOS__;__BeOS...
Checking d:\Dropbox\collaborate\thao\BTL_moi\build\CMakeFiles\3.8.2\CompilerIdCXX\CMakeCXXCompilerId.cpp: _COMPILER_VERSION;_SGI_COMPILER_VERSION...
Checking d:\Dropbox\collaborate\thao\BTL_moi\build\CMakeFiles\3.8.2\CompilerIdCXX\CMakeCXXCompilerId.cpp: _COMPILER_VERSION;_SGI_COMPILER_VERSION;_SGI_COMPILER_VERSION...
Checking d:\Dropbox\collaborate\thao\BTL_moi\build\CMakeFiles\3.8.2\CompilerIdCXX\CMakeCXXCompilerId.cpp: _CRAYC...
1/32 files checked 15% done
Checking d:\Dropbox\collaborate\thao\BTL_moi\build\CMakeFiles\feature_tests.cxx ...
2/32 files checked 20% done
Checking d:\Dropbox\collaborate\thao\BTL_moi\khoa\CMakeFiles\3.8.1\CompilerIdCXX\CMakeCXXCompilerId.cpp ...
Checking d:\Dropbox\collaborate\thao\BTL_moi\khoa\CMakeFiles\3.8.1\CompilerIdCXX\CMakeCXXCompilerId.cpp: MPRAS;_MPRAS...
Checking d:\Dropbox\collaborate\thao\BTL_moi\khoa\CMakeFiles\3.8.1\CompilerIdCXX\CMakeCXXCompilerId.cpp: SCO_SV;_SCO_SV;sco_sv...
Checking d:\Dropbox\collaborate\thao\BTL_moi\khoa\CMakeFiles\3.8.1\CompilerIdCXX\CMakeCXXCompilerId.cpp: SIMULATE_VERSION_PATCH...
Checking d:\Dropbox\collaborate\thao\BTL_moi\khoa\CMakeFiles\3.8.1\CompilerIdCXX\CMakeCXXCompilerId.cpp: SIMULATE_VERSION_PATCH;SIMULATE_VERSION_TWEAK...
Checking d:\Dropbox\collaborate\thao\BTL_moi\khoa\CMakeFiles\3.8.1\CompilerIdCXX\CMakeCXXCompilerId.cpp: WIN32;_WIN32;__WIN32__...
Checking d:\Dropbox\collaborate\thao\BTL_moi\khoa\CMakeFiles\3.8.1\CompilerIdCXX\CMakeCXXCompilerId.cpp: XENIX;_XENIX;__XENIX__...
Checking d:\Dropbox\collaborate\thao\BTL_moi\khoa\CMakeFiles\3.8.1\CompilerIdCXX\CMakeCXXCompilerId.cpp: _AIX;__AIX;__AIX__;__aix;__aix__...
Checking d:\Dropbox\collaborate\thao\BTL_moi\khoa\CMakeFiles\3.8.1\CompilerIdCXX\CMakeCXXCompilerId.cpp: _BEOS;__BEOS__;__BeOS...
Checking d:\Dropbox\collaborate\thao\BTL_moi\khoa\CMakeFiles\3.8.1\CompilerIdCXX\CMakeCXXCompilerId.cpp: _COMPILER_VERSION;_SGI_COMPILER_VERSION...
Checking d:\Dropbox\collaborate\thao\BTL_moi\khoa\CMakeFiles\3.8.1\CompilerIdCXX\CMakeCXXCompilerId.cpp: _COMPILER_VERSION;_SGI_COMPILER_VERSION;_SGI_COMPILER_VERSION...
Checking d:\Dropbox\collaborate\thao\BTL_moi\khoa\CMakeFiles\3.8.1\CompilerIdCXX\CMakeCXXCompilerId.cpp: _CRAYC...
3/32 files checked 35% done
Checking d:\Dropbox\collaborate\thao\BTL_moi\khoa\CMakeFiles\feature_tests.cxx ...
Checking d:\Dropbox\collaborate\thao\BTL_moi\khoa\CMakeFiles\feature_tests.cxx: __GXX_EXPERIMENTAL_CXX0X__...
4/32 files checked 44% done
Checking d:\Dropbox\collaborate\thao\BTL_moi\src\chucnang\Chucnang.cpp ...
5/32 files checked 46% done
Checking d:\Dropbox\collaborate\thao\BTL_moi\src\chucnang\Chucnang_hientai.cpp ...
6/32 files checked 47% done
Checking d:\Dropbox\collaborate\thao\BTL_moi\src\chucnang\chucnang_tontai.cpp ...
7/32 files checked 47% done
Checking d:\Dropbox\collaborate\thao\BTL_moi\src\dangki\Dangki_taikhoan.cpp ...
8/32 files checked 50% done
Checking d:\Dropbox\collaborate\thao\BTL_moi\src\dangki\Doi_matkhau.cpp ...
9/32 files checked 52% done
Checking d:\Dropbox\collaborate\thao\BTL_moi\src\dangki\thongtin_canhan.cpp ...
10/32 files checked 54% done
Checking d:\Dropbox\collaborate\thao\BTL_moi\src\dangnhap\dangnhap.cpp ...
11/32 files checked 55% done
Checking d:\Dropbox\collaborate\thao\BTL_moi\src\dangnhap\lichsudangnhap.cpp ...
12/32 files checked 56% done
Checking d:\Dropbox\collaborate\thao\BTL_moi\src\dangnhap\lock.cpp ...
13/32 files checked 59% done
Checking d:\Dropbox\collaborate\thao\BTL_moi\src\file\Biethieu.cpp ...
14/32 files checked 59% done
Checking d:\Dropbox\collaborate\thao\BTL_moi\src\file\Capnhat_file.cpp ...
15/32 files checked 62% done
Checking d:\Dropbox\collaborate\thao\BTL_moi\src\file\Docdulieu.cpp ...
16/32 files checked 63% done
Checking d:\Dropbox\collaborate\thao\BTL_moi\src\file\file_chucnang.cpp ...
17/32 files checked 70% done
Checking d:\Dropbox\collaborate\thao\BTL_moi\src\file\mo_file.cpp ...
18/32 files checked 70% done
Checking d:\Dropbox\collaborate\thao\BTL_moi\src\main.cpp ...
19/32 files checked 71% done
Checking d:\Dropbox\collaborate\thao\BTL_moi\src\sach\DocFileSach.cpp ...
20/32 files checked 74% done
Checking d:\Dropbox\collaborate\thao\BTL_moi\src\sach\Nhapphieu.cpp ...
21/32 files checked 75% done
Checking d:\Dropbox\collaborate\thao\BTL_moi\src\sach\insach.cpp ...
22/32 files checked 79% done
Checking d:\Dropbox\collaborate\thao\BTL_moi\src\sach\muonsach.cpp ...
23/32 files checked 83% done
Checking d:\Dropbox\collaborate\thao\BTL_moi\src\sach\switch_sach.cpp ...
24/32 files checked 84% done
Checking d:\Dropbox\collaborate\thao\BTL_moi\src\sach\timsach.cpp ...
25/32 files checked 87% done
Checking d:\Dropbox\collaborate\thao\BTL_moi\src\sach\tuychonsach.cpp ...
26/32 files checked 87% done
Checking d:\Dropbox\collaborate\thao\BTL_moi\src\switch\Switch.cpp ...
27/32 files checked 91% done
Checking d:\Dropbox\collaborate\thao\BTL_moi\src\switch\switch_nguoidung.cpp ...
28/32 files checked 94% done
Checking d:\Dropbox\collaborate\thao\BTL_moi\src\timkiem_nguoidung\tachten.cpp ...
29/32 files checked 94% done
Checking d:\Dropbox\collaborate\thao\BTL_moi\src\timkiem_nguoidung\timkiem_nguoidung.cpp ...
30/32 files checked 95% done
Checking d:\Dropbox\collaborate\thao\BTL_moi\src\tuychon\Tuychon.cpp ...
31/32 files checked 98% done
Checking d:\Dropbox\collaborate\thao\BTL_moi\src\vohieuhoa\vohieuhoa.cpp ...
32/32 files checked 100% done

[d:\Dropbox\collaborate\thao\BTL_moi\build\CMakeFiles\3.8.2\CompilerIdCXX\CMakeCXXCompilerId.cpp]: (information) Too many #ifdef configurations - cppcheck only checks 12 of 84 configurations. Use --force to check all configurations.
[d:\Dropbox\collaborate\thao\BTL_moi\khoa\CMakeFiles\3.8.1\CompilerIdCXX\CMakeCXXCompilerId.cpp]: (information) Too many #ifdef configurations - cppcheck only checks 12 of 84 configurations. Use --force to check all configurations.
[d:\Dropbox\collaborate\thao\BTL_moi\src\dangki\thongtin_canhan.cpp:17]: (style) Unused variable: bien2
[d:\Dropbox\collaborate\thao\BTL_moi\src\dangki\thongtin_canhan.cpp:17]: (style) Unused variable: bien3
[d:\Dropbox\collaborate\thao\BTL_moi\src\dangki\thongtin_canhan.cpp:17]: (style) Unused variable: bien4
[d:\Dropbox\collaborate\thao\BTL_moi\src\dangki\thongtin_canhan.cpp:17]: (style) Unused variable: bien5
[d:\Dropbox\collaborate\thao\BTL_moi\src\dangki\thongtin_canhan.cpp:17]: (style) Unused variable: bien6
[d:\Dropbox\collaborate\thao\BTL_moi\src\dangnhap\dangnhap.cpp:55]: (style) Variable 'dem' is modified but its new value is never used.
[d:\Dropbox\collaborate\thao\BTL_moi\src\file\file_chucnang.cpp:56]: (style) Boolean result is used in bitwise operation. Clarify expression with parentheses.
[d:\Dropbox\collaborate\thao\BTL_moi\src\file\file_chucnang.cpp:126]: (style) Boolean result is used in bitwise operation. Clarify expression with parentheses.
[d:\Dropbox\collaborate\thao\BTL_moi\src\file\file_chucnang.cpp:204]: (style) Boolean result is used in bitwise operation. Clarify expression with parentheses.
[d:\Dropbox\collaborate\thao\BTL_moi\src\file\file_chucnang.cpp:275]: (style) Boolean result is used in bitwise operation. Clarify expression with parentheses.
[d:\Dropbox\collaborate\thao\BTL_moi\src\sach\DocFileSach.cpp:13]: (style) Unused variable: bien1
[d:\Dropbox\collaborate\thao\BTL_moi\src\sach\DocFileSach.cpp:39]: (style) Unused variable: bien1
[d:\Dropbox\collaborate\thao\BTL_moi\src\sach\insach.cpp:53]: (style) Unused variable: q
[d:\Dropbox\collaborate\thao\BTL_moi\src\sach\insach.cpp:85]: (style) Unused variable: q
[d:\Dropbox\collaborate\thao\BTL_moi\src\sach\insach.cpp:116]: (style) Unused variable: q
[d:\Dropbox\collaborate\thao\BTL_moi\src\sach\muonsach.cpp:5]: (style) Unused variable: luachon
[d:\Dropbox\collaborate\thao\BTL_moi\src\sach\timsach.cpp:19]: (style) Variable 'p' is assigned a value that is never used.
[d:\Dropbox\collaborate\thao\BTL_moi\src\sach\timsach.cpp:20]: (style) Unused variable: bien1
[d:\Dropbox\collaborate\thao\BTL_moi\src\sach\timsach.cpp:20]: (style) Unused variable: bien2
[d:\Dropbox\collaborate\thao\BTL_moi\src\switch\Switch.cpp:163]: (style) Consecutive return, break, continue, goto or throw statements are unnecessary.
[d:\Dropbox\collaborate\thao\BTL_moi\src\timkiem_nguoidung\timkiem_nguoidung.cpp:27]: (style) Unused variable: bien2
[d:\Dropbox\collaborate\thao\BTL_moi\src\timkiem_nguoidung\timkiem_nguoidung.cpp:43]: (style) Variable 'dem1' is modified but its new value is never used.
[d:\Dropbox\collaborate\thao\BTL_moi\src\dangnhap\lock.cpp:49]: (style) The function 'Docyeucau_mokhoa' is never used.
[d:\Dropbox\collaborate\thao\BTL_moi\src\sach\muonsach.cpp:12]: (style) The function 'DuyetYeuCauMuonSach' is never used.
[d:\Dropbox\collaborate\thao\BTL_moi\src\dangnhap\lock.cpp:34]: (style) The function 'Yeucau_mokhoa' is never used.
[d:\Dropbox\collaborate\thao\BTL_moi\src\dangnhap\lock.cpp:5]: (style) The function 'lock' is never used.
(information) Cppcheck cannot find all the include files (use --check-config for details)

Cppcheck ended: Sun Jun 11 2017 11:27:22 GMT+0700 (東南アジア標準時)
